[0m[[0m[0mdebug[0m] [0m[0m> Exec(test, Some(da3bd269-fded-4987-a584-7fc5b5e2436f), Some(CommandSource(console0)))[0m
[0m[[0m[0mdebug[0m] [0m[0mEvaluating tasks: Test / test[0m
[0m[[0m[0mdebug[0m] [0m[0mRunning task... Cancel: Signal, check cycles: false, forcegc: true[0m
[0m[[0m[0mdebug[0m] [0m[0mjsonRpcNotify: JsonRpcNotificationMessage(2.0, build/taskStart, {"taskId":{"id":"16","parents":[]},"eventTime":1678793293459,"message":"Compiling remaking-melody-maker","dataKind":"compile-task","data":{"target":{"uri":"file:/Users/patrickreynolds/repos/tests/random_stuff/scala/remaking-melody-maker/#remaking-melody-maker/Compile"}}})[0m
[0m[[0m[0minfo[0m] [0m[0mcompiling 4 Scala sources to /Users/patrickreynolds/repos/tests/random_stuff/scala/remaking-melody-maker/target/scala-3.2.2/classes ...[0m
[0m[[0m[0mdebug[0m] [0m[0mjsonRpcNotify: JsonRpcNotificationMessage(2.0, build/logMessage, {"type":3,"message":"compiling 4 Scala sources to /Users/patrickreynolds/repos/tests/random_stuff/scala/remaking-melody-maker/target/scala-3.2.2/classes ..."})[0m
[0m[[0m[0mdebug[0m] [0m[0mjsonRpcNotify: JsonRpcNotificationMessage(2.0, build/publishDiagnostics, {"textDocument":{"uri":"file:///Users/patrickreynolds/repos/tests/random_stuff/scala/remaking-melody-maker/src/main/scala/utils/Notes.scala"},"buildTarget":{"uri":"file:/Users/patrickreynolds/repos/tests/random_stuff/scala/remaking-melody-maker/#remaking-melody-maker/Compile"},"diagnostics":[{"range":{"start":{"line":0,"character":0},"end":{"line":0,"character":13}},"severity":2,"code":"-1","source":"sbt","message":"No class, trait or object is defined in the compilation unit.\nThe incremental compiler cannot record the dependency information in such case.\nSome errors like unused import referring to a non-existent class might not be reported.\n"}],"reset":false})[0m
[0m[[0m[33mwarn[0m] [0m[0m[33m[33m-- Warning: /Users/patrickreynolds/repos/tests/random_stuff/scala/remaking-melody-maker/src/main/scala/utils/Notes.scala:1:8 [0m[0m[0m
[0m[[0m[33mwarn[0m] [0m[0m[33m1 |[0m[33mpackage[0m utils[0m
[0m[[0m[33mwarn[0m] [0m[0m[33m[33m  |[0m^^^^^^^^^^^^^[0m[0m
[0m[[0m[33mwarn[0m] [0m[0m[33m  |[0mNo class, trait or object is defined in the compilation unit.[0m
[0m[[0m[33mwarn[0m] [0m[0m[33m  |[0mThe incremental compiler cannot record the dependency information in such case.[0m
[0m[[0m[33mwarn[0m] [0m[0m[33m  |[0mSome errors like unused import referring to a non-existent class might not be reported.[0m
[0m[[0m[0mdebug[0m] [0m[0mjsonRpcNotify: JsonRpcNotificationMessage(2.0, build/logMessage, {"type":2,"message":"\u001b[33m\u001b[33m-- Warning: /Users/patrickreynolds/repos/tests/random_stuff/scala/remaking-melody-maker/src/main/scala/utils/Notes.scala:1:8 \u001b[0m\u001b[0m\n\u001b[33m1 |\u001b[0m\u001b[33mpackage\u001b[0m utils\n\u001b[33m\u001b[33m  |\u001b[0m^^^^^^^^^^^^^\u001b[0m\n\u001b[33m  |\u001b[0mNo class, trait or object is defined in the compilation unit.\n\u001b[33m  |\u001b[0mThe incremental compiler cannot record the dependency information in such case.\n\u001b[33m  |\u001b[0mSome errors like unused import referring to a non-existent class might not be reported."})[0m
[0m[[0m[33mwarn[0m] [0m[0mone warning found[0m
[0m[[0m[0mdebug[0m] [0m[0mjsonRpcNotify: JsonRpcNotificationMessage(2.0, build/logMessage, {"type":2,"message":"one warning found"})[0m
[0m[[0m[0mdebug[0m] [0m[0mjsonRpcNotify: JsonRpcNotificationMessage(2.0, build/publishDiagnostics, {"textDocument":{"uri":"file:///Users/patrickreynolds/repos/tests/random_stuff/scala/remaking-melody-maker/src/main/scala/utils/Notes.scala"},"buildTarget":{"uri":"file:/Users/patrickreynolds/repos/tests/random_stuff/scala/remaking-melody-maker/#remaking-melody-maker/Compile"},"diagnostics":[{"range":{"start":{"line":0,"character":0},"end":{"line":0,"character":13}},"severity":2,"source":"sbt","message":"No class, trait or object is defined in the compilation unit.\nThe incremental compiler cannot record the dependency information in such case.\nSome errors like unused import referring to a non-existent class might not be reported.\n"}],"reset":true})[0m
[0m[[0m[0mdebug[0m] [0m[0mjsonRpcNotify: JsonRpcNotificationMessage(2.0, build/taskFinish, {"taskId":{"id":"16","parents":[]},"eventTime":1678793293748,"message":"Compiled remaking-melody-maker","status":1,"dataKind":"compile-report","data":{"target":{"uri":"file:/Users/patrickreynolds/repos/tests/random_stuff/scala/remaking-melody-maker/#remaking-melody-maker/Compile"},"errors":0,"warnings":1,"time":289}})[0m
[0m[[0m[0mdebug[0m] [0m[0mjsonRpcNotify: JsonRpcNotificationMessage(2.0, build/taskStart, {"taskId":{"id":"17","parents":[]},"eventTime":1678793293762,"message":"Compiling remaking-melody-maker-test","dataKind":"compile-task","data":{"target":{"uri":"file:/Users/patrickreynolds/repos/tests/random_stuff/scala/remaking-melody-maker/#remaking-melody-maker/Test"}}})[0m
[0m[[0m[0minfo[0m] [0m[0mcompiling 2 Scala sources to /Users/patrickreynolds/repos/tests/random_stuff/scala/remaking-melody-maker/target/scala-3.2.2/test-classes ...[0m
[0m[[0m[0mdebug[0m] [0m[0mjsonRpcNotify: JsonRpcNotificationMessage(2.0, build/logMessage, {"type":3,"message":"compiling 2 Scala sources to /Users/patrickreynolds/repos/tests/random_stuff/scala/remaking-melody-maker/target/scala-3.2.2/test-classes ..."})[0m
[0m[[0m[0mdebug[0m] [0m[0mjsonRpcNotify: JsonRpcNotificationMessage(2.0, build/publishDiagnostics, {"textDocument":{"uri":"file:///Users/patrickreynolds/repos/tests/random_stuff/scala/remaking-melody-maker/src/test/scala/utils/StringsSpec.scala"},"buildTarget":{"uri":"file:/Users/patrickreynolds/repos/tests/random_stuff/scala/remaking-melody-maker/#remaking-melody-maker/Test"},"diagnostics":[],"reset":true})[0m
[0m[[0m[0mdebug[0m] [0m[0mjsonRpcNotify: JsonRpcNotificationMessage(2.0, build/taskFinish, {"taskId":{"id":"17","parents":[]},"eventTime":1678793294109,"message":"Compiled remaking-melody-maker-test","status":1,"dataKind":"compile-report","data":{"target":{"uri":"file:/Users/patrickreynolds/repos/tests/random_stuff/scala/remaking-melody-maker/#remaking-melody-maker/Test"},"errors":0,"warnings":0,"time":347}})[0m
[0m[[0m[0minfo[0m] [0m[0m[32mStringTest:[0m[0m
[0m[[0m[0minfo[0m] [0m[0m[32mthe findString function returns the correct index[0m[0m
[0m[[0m[0minfo[0m] [0m[0m[32m- takes 4, returns 5[0m[0m
[0m[[0m[0mdebug[0m] [0m[0mjsonRpcNotify: JsonRpcNotificationMessage(2.0, build/logMessage, {"type":3,"message":"\u001b[32mStringTest:\u001b[0m"})[0m
[0m[[0m[0mdebug[0m] [0m[0mjsonRpcNotify: JsonRpcNotificationMessage(2.0, build/logMessage, {"type":3,"message":"\u001b[32mthe findString function returns the correct index\u001b[0m"})[0m
[0m[[0m[0mdebug[0m] [0m[0mjsonRpcNotify: JsonRpcNotificationMessage(2.0, build/logMessage, {"type":3,"message":"\u001b[32m- takes 4, returns 5\u001b[0m"})[0m
[0m[[0m[0minfo[0m] [0m[0m[36mRun completed in 81 milliseconds.[0m[0m
[0m[[0m[0minfo[0m] [0m[0m[36mTotal number of tests run: 1[0m[0m
[0m[[0m[0minfo[0m] [0m[0m[36mSuites: completed 1, aborted 0[0m[0m
[0m[[0m[0minfo[0m] [0m[0m[36mTests: succeeded 1, failed 0, canceled 0, ignored 0, pending 0[0m[0m
[0m[[0m[0minfo[0m] [0m[0m[32mAll tests passed.[0m[0m
[0m[[0m[0mdebug[0m] [0m[0mjsonRpcNotify: JsonRpcNotificationMessage(2.0, build/logMessage, {"type":3,"message":"\u001b[36mRun completed in 81 milliseconds.\u001b[0m\n\u001b[36mTotal number of tests run: 1\u001b[0m\n\u001b[36mSuites: completed 1, aborted 0\u001b[0m\n\u001b[36mTests: succeeded 1, failed 0, canceled 0, ignored 0, pending 0\u001b[0m\n\u001b[32mAll tests passed.\u001b[0m"})[0m
[0m[[0m[32msuccess[0m] [0m[0mTotal time: 1 s, completed 14 Mar 2023, 11:28:14[0m
[0m[[0m[0mdebug[0m] [0m[0m> Exec(shell, None, None)[0m
