[0m[[0m[0mdebug[0m] [0m[0m> Exec(test, Some(493e6432-bbd6-4d15-99a4-97831d38846a), Some(CommandSource(console0)))[0m
[0m[[0m[0mdebug[0m] [0m[0mEvaluating tasks: Test / test[0m
[0m[[0m[0mdebug[0m] [0m[0mRunning task... Cancel: Signal, check cycles: false, forcegc: true[0m
[0m[[0m[0mdebug[0m] [0m[0mjsonRpcNotify: JsonRpcNotificationMessage(2.0, build/taskStart, {"taskId":{"id":"14","parents":[]},"eventTime":1678793252900,"message":"Compiling remaking-melody-maker","dataKind":"compile-task","data":{"target":{"uri":"file:/Users/patrickreynolds/repos/tests/random_stuff/scala/remaking-melody-maker/#remaking-melody-maker/Compile"}}})[0m
[0m[[0m[0minfo[0m] [0m[0mcompiling 4 Scala sources to /Users/patrickreynolds/repos/tests/random_stuff/scala/remaking-melody-maker/target/scala-3.2.2/classes ...[0m
[0m[[0m[0mdebug[0m] [0m[0mjsonRpcNotify: JsonRpcNotificationMessage(2.0, build/logMessage, {"type":3,"message":"compiling 4 Scala sources to /Users/patrickreynolds/repos/tests/random_stuff/scala/remaking-melody-maker/target/scala-3.2.2/classes ..."})[0m
[0m[[0m[0mdebug[0m] [0m[0mjsonRpcNotify: JsonRpcNotificationMessage(2.0, build/publishDiagnostics, {"textDocument":{"uri":"file:///Users/patrickreynolds/repos/tests/random_stuff/scala/remaking-melody-maker/src/main/scala/utils/Notes.scala"},"buildTarget":{"uri":"file:/Users/patrickreynolds/repos/tests/random_stuff/scala/remaking-melody-maker/#remaking-melody-maker/Compile"},"diagnostics":[{"range":{"start":{"line":0,"character":0},"end":{"line":0,"character":13}},"severity":2,"code":"-1","source":"sbt","message":"No class, trait or object is defined in the compilation unit.\nThe incremental compiler cannot record the dependency information in such case.\nSome errors like unused import referring to a non-existent class might not be reported.\n"}],"reset":false})[0m
[0m[[0m[33mwarn[0m] [0m[0m[33m[33m-- Warning: /Users/patrickreynolds/repos/tests/random_stuff/scala/remaking-melody-maker/src/main/scala/utils/Notes.scala:1:8 [0m[0m[0m
[0m[[0m[33mwarn[0m] [0m[0m[33m1 |[0m[33mpackage[0m utils[0m
[0m[[0m[33mwarn[0m] [0m[0m[33m[33m  |[0m^^^^^^^^^^^^^[0m[0m
[0m[[0m[33mwarn[0m] [0m[0m[33m  |[0mNo class, trait or object is defined in the compilation unit.[0m
[0m[[0m[33mwarn[0m] [0m[0m[33m  |[0mThe incremental compiler cannot record the dependency information in such case.[0m
[0m[[0m[33mwarn[0m] [0m[0m[33m  |[0mSome errors like unused import referring to a non-existent class might not be reported.[0m
[0m[[0m[0mdebug[0m] [0m[0mjsonRpcNotify: JsonRpcNotificationMessage(2.0, build/logMessage, {"type":2,"message":"\u001b[33m\u001b[33m-- Warning: /Users/patrickreynolds/repos/tests/random_stuff/scala/remaking-melody-maker/src/main/scala/utils/Notes.scala:1:8 \u001b[0m\u001b[0m\n\u001b[33m1 |\u001b[0m\u001b[33mpackage\u001b[0m utils\n\u001b[33m\u001b[33m  |\u001b[0m^^^^^^^^^^^^^\u001b[0m\n\u001b[33m  |\u001b[0mNo class, trait or object is defined in the compilation unit.\n\u001b[33m  |\u001b[0mThe incremental compiler cannot record the dependency information in such case.\n\u001b[33m  |\u001b[0mSome errors like unused import referring to a non-existent class might not be reported."})[0m
[0m[[0m[33mwarn[0m] [0m[0mone warning found[0m
[0m[[0m[0mdebug[0m] [0m[0mjsonRpcNotify: JsonRpcNotificationMessage(2.0, build/logMessage, {"type":2,"message":"one warning found"})[0m
[0m[[0m[0mdebug[0m] [0m[0mjsonRpcNotify: JsonRpcNotificationMessage(2.0, build/publishDiagnostics, {"textDocument":{"uri":"file:///Users/patrickreynolds/repos/tests/random_stuff/scala/remaking-melody-maker/src/main/scala/utils/Fretboard.scala"},"buildTarget":{"uri":"file:/Users/patrickreynolds/repos/tests/random_stuff/scala/remaking-melody-maker/#remaking-melody-maker/Compile"},"diagnostics":[],"reset":true})[0m
[0m[[0m[0mdebug[0m] [0m[0mjsonRpcNotify: JsonRpcNotificationMessage(2.0, build/publishDiagnostics, {"textDocument":{"uri":"file:///Users/patrickreynolds/repos/tests/random_stuff/scala/remaking-melody-maker/src/main/scala/utils/Strings.scala"},"buildTarget":{"uri":"file:/Users/patrickreynolds/repos/tests/random_stuff/scala/remaking-melody-maker/#remaking-melody-maker/Compile"},"diagnostics":[],"reset":true})[0m
[0m[[0m[0mdebug[0m] [0m[0mjsonRpcNotify: JsonRpcNotificationMessage(2.0, build/publishDiagnostics, {"textDocument":{"uri":"file:///Users/patrickreynolds/repos/tests/random_stuff/scala/remaking-melody-maker/src/main/scala/utils/Notes.scala"},"buildTarget":{"uri":"file:/Users/patrickreynolds/repos/tests/random_stuff/scala/remaking-melody-maker/#remaking-melody-maker/Compile"},"diagnostics":[{"range":{"start":{"line":0,"character":0},"end":{"line":0,"character":13}},"severity":2,"source":"sbt","message":"No class, trait or object is defined in the compilation unit.\nThe incremental compiler cannot record the dependency information in such case.\nSome errors like unused import referring to a non-existent class might not be reported.\n"}],"reset":true})[0m
[0m[[0m[0mdebug[0m] [0m[0mjsonRpcNotify: JsonRpcNotificationMessage(2.0, build/taskFinish, {"taskId":{"id":"14","parents":[]},"eventTime":1678793253263,"message":"Compiled remaking-melody-maker","status":1,"dataKind":"compile-report","data":{"target":{"uri":"file:/Users/patrickreynolds/repos/tests/random_stuff/scala/remaking-melody-maker/#remaking-melody-maker/Compile"},"errors":0,"warnings":1,"time":363}})[0m
[0m[[0m[0mdebug[0m] [0m[0mjsonRpcNotify: JsonRpcNotificationMessage(2.0, build/taskStart, {"taskId":{"id":"15","parents":[]},"eventTime":1678793253321,"message":"Compiling remaking-melody-maker-test","dataKind":"compile-task","data":{"target":{"uri":"file:/Users/patrickreynolds/repos/tests/random_stuff/scala/remaking-melody-maker/#remaking-melody-maker/Test"}}})[0m
[0m[[0m[0minfo[0m] [0m[0mcompiling 2 Scala sources to /Users/patrickreynolds/repos/tests/random_stuff/scala/remaking-melody-maker/target/scala-3.2.2/test-classes ...[0m
[0m[[0m[0mdebug[0m] [0m[0mjsonRpcNotify: JsonRpcNotificationMessage(2.0, build/logMessage, {"type":3,"message":"compiling 2 Scala sources to /Users/patrickreynolds/repos/tests/random_stuff/scala/remaking-melody-maker/target/scala-3.2.2/test-classes ..."})[0m
[0m[[0m[0mdebug[0m] [0m[0mjsonRpcNotify: JsonRpcNotificationMessage(2.0, build/publishDiagnostics, {"textDocument":{"uri":"file:///Users/patrickreynolds/repos/tests/random_stuff/scala/remaking-melody-maker/src/test/scala/utils/StringsSpec.scala"},"buildTarget":{"uri":"file:/Users/patrickreynolds/repos/tests/random_stuff/scala/remaking-melody-maker/#remaking-melody-maker/Test"},"diagnostics":[{"range":{"start":{"line":9,"character":13},"end":{"line":9,"character":29}},"severity":1,"code":"8","source":"sbt","message":"value findString is not a member of utils"}],"reset":false})[0m
[0m[[0m[31merror[0m] [0m[0m[31m[31m-- [E008] Not Found Error: /Users/patrickreynolds/repos/tests/random_stuff/scala/remaking-melody-maker/src/test/scala/utils/StringsSpec.scala:10:19 [0m[0m[0m
[0m[[0m[31merror[0m] [0m[0m[31m10 |[0m      assert(utils.findString([31m4[0m) == [31m5[0m)[0m
[0m[[0m[31merror[0m] [0m[0m[31m[31m   |[0m             ^^^^^^^^^^^^^^^^[0m[0m
[0m[[0m[31merror[0m] [0m[0m[31m   |[0m             value findString is not a member of utils[0m
[0m[[0m[0mdebug[0m] [0m[0mjsonRpcNotify: JsonRpcNotificationMessage(2.0, build/logMessage, {"type":1,"message":"\u001b[31m\u001b[31m-- [E008] Not Found Error: /Users/patrickreynolds/repos/tests/random_stuff/scala/remaking-melody-maker/src/test/scala/utils/StringsSpec.scala:10:19 \u001b[0m\u001b[0m\n\u001b[31m10 |\u001b[0m      assert(utils.findString(\u001b[31m4\u001b[0m) == \u001b[31m5\u001b[0m)\n\u001b[31m\u001b[31m   |\u001b[0m             ^^^^^^^^^^^^^^^^\u001b[0m\n\u001b[31m   |\u001b[0m             value findString is not a member of utils"})[0m
[0m[[0m[31merror[0m] [0m[0mone error found[0m
[0m[[0m[0mdebug[0m] [0m[0mjsonRpcNotify: JsonRpcNotificationMessage(2.0, build/logMessage, {"type":1,"message":"one error found"})[0m
[0m[[0m[0mdebug[0m] [0m[0mjsonRpcNotify: JsonRpcNotificationMessage(2.0, build/publishDiagnostics, {"textDocument":{"uri":"file:///Users/patrickreynolds/repos/tests/random_stuff/scala/remaking-melody-maker/src/test/scala/utils/StringsSpec.scala"},"buildTarget":{"uri":"file:/Users/patrickreynolds/repos/tests/random_stuff/scala/remaking-melody-maker/#remaking-melody-maker/Test"},"diagnostics":[{"range":{"start":{"line":9,"character":13},"end":{"line":9,"character":29}},"severity":1,"code":"8","source":"sbt","message":"value findString is not a member of utils"}],"reset":true})[0m
[0m[[0m[0mdebug[0m] [0m[0mjsonRpcNotify: JsonRpcNotificationMessage(2.0, build/taskFinish, {"taskId":{"id":"15","parents":[]},"eventTime":1678793254306,"message":"Compiled remaking-melody-maker-test","status":2,"dataKind":"compile-report","data":{"target":{"uri":"file:/Users/patrickreynolds/repos/tests/random_stuff/scala/remaking-melody-maker/#remaking-melody-maker/Test"},"errors":1,"warnings":0,"time":985}})[0m
[0m[[0m[0mdebug[0m] [0m[0mForcing garbage collection...[0m
[0m[[0m[31merror[0m] [0m[0m(Test / [31mcompileIncremental[0m) Compilation failed[0m
[0m[[0m[0mdebug[0m] [0m[0mjsonRpcNotify: JsonRpcNotificationMessage(2.0, build/logMessage, {"type":1,"message":"(Test / \u001b[31mcompileIncremental\u001b[0m) Compilation failed"})[0m
[0m[[0m[31merror[0m] [0m[0mTotal time: 2 s, completed 14 Mar 2023, 11:27:34[0m
[0m[[0m[0mdebug[0m] [0m[0m> Exec(shell, None, None)[0m
