[0m[[0m[0mdebug[0m] [0m[0m> Exec(;Test/compile; collectAnalyses, None, Some(CommandSource(network-1)))[0m
[0m[[0m[0mdebug[0m] [0m[0munmatched Processing event for requestId None: None[0m
[0m[[0m[0mdebug[0m] [0m[0munmatched Done event for requestId None: None[0m
[0m[[0m[0mdebug[0m] [0m[0m> Exec(Test/compile, None, Some(CommandSource(network-1)))[0m
[0m[[0m[0mdebug[0m] [0m[0munmatched Processing event for requestId None: None[0m
[0m[[0m[0mdebug[0m] [0m[0mEvaluating tasks: Test / compile[0m
[0m[[0m[0mdebug[0m] [0m[0mRunning task... Cancel: Signal, check cycles: false, forcegc: true[0m
[0m[[0m[0mdebug[0m] [0m[0mjsonRpcNotify: JsonRpcNotificationMessage(2.0, build/taskStart, {"taskId":{"id":"10","parents":[]},"eventTime":1679046676185,"message":"Compiling remaking-melody-maker","dataKind":"compile-task","data":{"target":{"uri":"file:/Users/patrickreynolds/repos/tests/random_stuff/scala/remaking-melody-maker/#remaking-melody-maker/Compile"}}})[0m
[0m[[0m[0minfo[0m] [0m[0mcompiling 2 Scala sources to /Users/patrickreynolds/repos/tests/random_stuff/scala/remaking-melody-maker/target/scala-3.2.2/classes ...[0m
[0m[[0m[0mdebug[0m] [0m[0mjsonRpcNotify: JsonRpcNotificationMessage(2.0, build/logMessage, {"type":3,"message":"compiling 2 Scala sources to /Users/patrickreynolds/repos/tests/random_stuff/scala/remaking-melody-maker/target/scala-3.2.2/classes ..."})[0m
[0m[[0m[0mdebug[0m] [0m[0mjsonRpcNotify: JsonRpcNotificationMessage(2.0, build/publishDiagnostics, {"textDocument":{"uri":"file:///Users/patrickreynolds/repos/tests/random_stuff/scala/remaking-melody-maker/src/main/scala/Main.scala"},"buildTarget":{"uri":"file:/Users/patrickreynolds/repos/tests/random_stuff/scala/remaking-melody-maker/#remaking-melody-maker/Compile"},"diagnostics":[],"reset":true})[0m
[0m[[0m[0mdebug[0m] [0m[0mjsonRpcNotify: JsonRpcNotificationMessage(2.0, build/publishDiagnostics, {"textDocument":{"uri":"file:///Users/patrickreynolds/repos/tests/random_stuff/scala/remaking-melody-maker/src/main/scala/utils/Strings.scala"},"buildTarget":{"uri":"file:/Users/patrickreynolds/repos/tests/random_stuff/scala/remaking-melody-maker/#remaking-melody-maker/Compile"},"diagnostics":[],"reset":true})[0m
[0m[[0m[0mdebug[0m] [0m[0mjsonRpcNotify: JsonRpcNotificationMessage(2.0, build/publishDiagnostics, {"textDocument":{"uri":"file:///Users/patrickreynolds/repos/tests/random_stuff/scala/remaking-melody-maker/src/main/scala/utils/Fretboard.scala"},"buildTarget":{"uri":"file:/Users/patrickreynolds/repos/tests/random_stuff/scala/remaking-melody-maker/#remaking-melody-maker/Compile"},"diagnostics":[],"reset":true})[0m
[0m[[0m[0mdebug[0m] [0m[0mjsonRpcNotify: JsonRpcNotificationMessage(2.0, build/publishDiagnostics, {"textDocument":{"uri":"file:///Users/patrickreynolds/repos/tests/random_stuff/scala/remaking-melody-maker/src/main/scala/utils/Notes.scala"},"buildTarget":{"uri":"file:/Users/patrickreynolds/repos/tests/random_stuff/scala/remaking-melody-maker/#remaking-melody-maker/Compile"},"diagnostics":[],"reset":true})[0m
[0m[[0m[0mdebug[0m] [0m[0mjsonRpcNotify: JsonRpcNotificationMessage(2.0, build/taskFinish, {"taskId":{"id":"10","parents":[]},"eventTime":1679046677533,"message":"Compiled remaking-melody-maker","status":1,"dataKind":"compile-report","data":{"target":{"uri":"file:/Users/patrickreynolds/repos/tests/random_stuff/scala/remaking-melody-maker/#remaking-melody-maker/Compile"},"errors":0,"warnings":0,"time":1348}})[0m
[0m[[0m[0mdebug[0m] [0m[0mjsonRpcNotify: JsonRpcNotificationMessage(2.0, build/taskStart, {"taskId":{"id":"11","parents":[]},"eventTime":1679046677685,"message":"Compiling remaking-melody-maker-test","dataKind":"compile-task","data":{"target":{"uri":"file:/Users/patrickreynolds/repos/tests/random_stuff/scala/remaking-melody-maker/#remaking-melody-maker/Test"}}})[0m
[0m[[0m[0mdebug[0m] [0m[0mjsonRpcNotify: JsonRpcNotificationMessage(2.0, build/publishDiagnostics, {"textDocument":{"uri":"file:///Users/patrickreynolds/repos/tests/random_stuff/scala/remaking-melody-maker/src/test/scala/utils/StringsSpec.scala"},"buildTarget":{"uri":"file:/Users/patrickreynolds/repos/tests/random_stuff/scala/remaking-melody-maker/#remaking-melody-maker/Test"},"diagnostics":[],"reset":true})[0m
[0m[[0m[0mdebug[0m] [0m[0mjsonRpcNotify: JsonRpcNotificationMessage(2.0, build/publishDiagnostics, {"textDocument":{"uri":"file:///Users/patrickreynolds/repos/tests/random_stuff/scala/remaking-melody-maker/src/test/scala/MainSpec.scala"},"buildTarget":{"uri":"file:/Users/patrickreynolds/repos/tests/random_stuff/scala/remaking-melody-maker/#remaking-melody-maker/Test"},"diagnostics":[],"reset":true})[0m
[0m[[0m[0mdebug[0m] [0m[0mjsonRpcNotify: JsonRpcNotificationMessage(2.0, build/taskFinish, {"taskId":{"id":"11","parents":[]},"eventTime":1679046678172,"message":"Compiled remaking-melody-maker-test","status":1,"dataKind":"compile-report","data":{"target":{"uri":"file:/Users/patrickreynolds/repos/tests/random_stuff/scala/remaking-melody-maker/#remaking-melody-maker/Test"},"errors":0,"warnings":0,"time":487}})[0m
[0m[[0m[32msuccess[0m] [0m[0mTotal time: 2 s, completed 17 Mar 2023, 09:51:18[0m
[0m[[0m[0mdebug[0m] [0m[0munmatched Done event for requestId None: None[0m
[0m[[0m[0mdebug[0m] [0m[0m> Exec(collectAnalyses, None, Some(CommandSource(network-1)))[0m
[0m[[0m[0mdebug[0m] [0m[0munmatched Processing event for requestId None: None[0m
[0m[[0m[0mdebug[0m] [0m[0mEvaluating tasks: Compile / collectAnalyses[0m
[0m[[0m[0mdebug[0m] [0m[0mRunning task... Cancel: Signal, check cycles: false, forcegc: true[0m
[0m[[0m[0mdebug[0m] [0m[0manalysis location (/Users/patrickreynolds/repos/tests/random_stuff/scala/remaking-melody-maker/target/scala-3.2.2/zinc/inc_compile_3.zip,true)[0m
[0m[[0m[32msuccess[0m] [0m[0mTotal time: 0 s, completed 17 Mar 2023, 09:51:18[0m
[0m[[0m[0mdebug[0m] [0m[0munmatched Done event for requestId None: None[0m
[0m[[0m[0mdebug[0m] [0m[0m> Exec(shell, None, None)[0m
