[0m[[0m[0mdebug[0m] [0m[0m> Exec(test, Some(ad36c495-f507-4b9d-9713-566d397f3fe8), Some(CommandSource(console0)))[0m
[0m[[0m[0mdebug[0m] [0m[0mEvaluating tasks: Test / test[0m
[0m[[0m[0mdebug[0m] [0m[0mRunning task... Cancel: Signal, check cycles: false, forcegc: true[0m
[0m[[0m[0mdebug[0m] [0m[0mjsonRpcNotify: JsonRpcNotificationMessage(2.0, build/taskStart, {"taskId":{"id":"12","parents":[]},"eventTime":1679046680858,"message":"Compiling remaking-melody-maker","dataKind":"compile-task","data":{"target":{"uri":"file:/Users/patrickreynolds/repos/tests/random_stuff/scala/remaking-melody-maker/#remaking-melody-maker/Compile"}}})[0m
[0m[[0m[0mdebug[0m] [0m[0mjsonRpcNotify: JsonRpcNotificationMessage(2.0, build/taskFinish, {"taskId":{"id":"12","parents":[]},"eventTime":1679046680865,"message":"Compiled remaking-melody-maker","status":1,"dataKind":"compile-report","data":{"target":{"uri":"file:/Users/patrickreynolds/repos/tests/random_stuff/scala/remaking-melody-maker/#remaking-melody-maker/Compile"},"errors":0,"warnings":0,"time":7}})[0m
[0m[[0m[0mdebug[0m] [0m[0mjsonRpcNotify: JsonRpcNotificationMessage(2.0, build/taskStart, {"taskId":{"id":"13","parents":[]},"eventTime":1679046680868,"message":"Compiling remaking-melody-maker-test","dataKind":"compile-task","data":{"target":{"uri":"file:/Users/patrickreynolds/repos/tests/random_stuff/scala/remaking-melody-maker/#remaking-melody-maker/Test"}}})[0m
[0m[[0m[0mdebug[0m] [0m[0mjsonRpcNotify: JsonRpcNotificationMessage(2.0, build/taskFinish, {"taskId":{"id":"13","parents":[]},"eventTime":1679046680875,"message":"Compiled remaking-melody-maker-test","status":1,"dataKind":"compile-report","data":{"target":{"uri":"file:/Users/patrickreynolds/repos/tests/random_stuff/scala/remaking-melody-maker/#remaking-melody-maker/Test"},"errors":0,"warnings":0,"time":7}})[0m
[0m[[0m[0minfo[0m] [0m[0m[32mStringTest:[0m[0m
[0m[[0m[0minfo[0m] [0m[0m[32mStrings[0m[0m
[0m[[0m[0minfo[0m] [0m[0m[32m  when given 4[0m[0m
[0m[[0m[0minfo[0m] [0m[0m[32m  - should return 5[0m[0m
[0m[[0m[0mdebug[0m] [0m[0mjsonRpcNotify: JsonRpcNotificationMessage(2.0, build/logMessage, {"type":3,"message":"\u001b[32mStringTest:\u001b[0m"})[0m
[0m[[0m[0mdebug[0m] [0m[0mjsonRpcNotify: JsonRpcNotificationMessage(2.0, build/logMessage, {"type":3,"message":"\u001b[32mStrings\u001b[0m"})[0m
[0m[[0m[0mdebug[0m] [0m[0mjsonRpcNotify: JsonRpcNotificationMessage(2.0, build/logMessage, {"type":3,"message":"\u001b[32m  when given 4\u001b[0m"})[0m
[0m[[0m[0mdebug[0m] [0m[0mjsonRpcNotify: JsonRpcNotificationMessage(2.0, build/logMessage, {"type":3,"message":"\u001b[32m  - should return 5\u001b[0m"})[0m
[0m[[0m[0minfo[0m] [0m[0m[36mRun completed in 236 milliseconds.[0m[0m
[0m[[0m[0minfo[0m] [0m[0m[36mTotal number of tests run: 1[0m[0m
[0m[[0m[0minfo[0m] [0m[0m[36mSuites: completed 1, aborted 0[0m[0m
[0m[[0m[0minfo[0m] [0m[0m[36mTests: succeeded 1, failed 0, canceled 0, ignored 0, pending 0[0m[0m
[0m[[0m[0minfo[0m] [0m[0m[32mAll tests passed.[0m[0m
[0m[[0m[0mdebug[0m] [0m[0mjsonRpcNotify: JsonRpcNotificationMessage(2.0, build/logMessage, {"type":3,"message":"\u001b[36mRun completed in 236 milliseconds.\u001b[0m\n\u001b[36mTotal number of tests run: 1\u001b[0m\n\u001b[36mSuites: completed 1, aborted 0\u001b[0m\n\u001b[36mTests: succeeded 1, failed 0, canceled 0, ignored 0, pending 0\u001b[0m\n\u001b[32mAll tests passed.\u001b[0m"})[0m
[0m[[0m[32msuccess[0m] [0m[0mTotal time: 0 s, completed 17 Mar 2023, 09:51:21[0m
[0m[[0m[0mdebug[0m] [0m[0m> Exec(shell, None, None)[0m
